[debug] [2022-12-20T23:22:35.301Z] ----------------------------------------------------------------------
[debug] [2022-12-20T23:22:35.313Z] Command:       C:\Program Files\nodejs\node.exe C:\Users\FAMILLE\AppData\Roaming\npm\node_modules\firebase-tools\lib\bin\firebase.js init
[debug] [2022-12-20T23:22:35.318Z] CLI Version:   11.19.0
[debug] [2022-12-20T23:22:35.319Z] Platform:      win32
[debug] [2022-12-20T23:22:35.320Z] Node Version:  v16.18.0
[debug] [2022-12-20T23:22:35.326Z] Time:          Wed Dec 21 2022 00:22:35 GMT+0100 (heure normale d’Afrique de l’Ouest)
[debug] [2022-12-20T23:22:35.328Z] ----------------------------------------------------------------------
[debug] 
[debug] [2022-12-20T23:22:35.383Z] > command requires scopes: ["email","openid","https://www.googleapis.com/auth/cloudplatformprojects.readonly","https://www.googleapis.com/auth/firebase","https://www.googleapis.com/auth/cloud-platform"]
[debug] [2022-12-20T23:22:35.386Z] > authorizing via signed-in user (jauresbeinjamin@gmail.com)
[info] 
     ######## #### ########  ######## ########     ###     ######  ########
     ##        ##  ##     ## ##       ##     ##  ##   ##  ##       ##
     ######    ##  ########  ######   ########  #########  ######  ######
     ##        ##  ##    ##  ##       ##     ## ##     ##       ## ##
     ##       #### ##     ## ######## ########  ##     ##  ######  ########

You're about to initialize a Firebase project in this directory:

  D:\FOTSING\Project\WomenTech\Eventes v1.0 HTML\Eventes v1.0 HTML\WomenTech

[info] 
=== Project Setup
[info] 
[info] First, let's associate this project directory with a Firebase project.
[info] You can create multiple project aliases by running firebase use --add, 
[info] but for now we'll just set up a default project.
[info] 
